<?xml version="1.0" encoding="UTF-8"?>
<!-- Generated by org.testng.reporters.JUnitReportReporter -->
<testsuite hostname="Nayab" failures="0" tests="3" name="testNGbasic.testNGDemo" time="0.011" errors="0" timestamp="2025-06-17T12:09:09 IST" skipped="0">
  <testcase classname="testNGbasic.testNGDemo" name="openApp" time="0.009"/>
  <testcase classname="testNGbasic.testNGDemo" name="login" time="0.001"/>
  <testcase classname="testNGbasic.testNGDemo" name="logout" time="0.001"/>
</testsuite> <!-- testNGbasic.testNGDemo -->
