<?xml version="1.0" encoding="UTF-8"?>
<!-- Generated by org.testng.reporters.JUnitReportReporter -->
<testsuite hostname="Nayab" failures="0" tests="1" name="MavenBasic.MavenBasic.driverLaunch" time="13.650" errors="0" timestamp="2025-05-03T13:44:51 IST" skipped="0">
  <testcase classname="MavenBasic.MavenBasic.driverLaunch" name="openBrowser" time="13.650"/>
</testsuite> <!-- MavenBasic.MavenBasic.driverLaunch -->
