<?xml version="1.0" encoding="UTF-8"?>
<!-- Generated by org.testng.reporters.JUnitReportReporter -->
<testsuite hostname="Nayab" failures="0" tests="3" name="MavenBasic.MavenBasic.basicTestNG" time="0.014" errors="0" timestamp="2025-05-03T13:30:17 IST" skipped="0">
  <testcase classname="MavenBasic.MavenBasic.basicTestNG" name="openapp" time="0.009"/>
  <testcase classname="MavenBasic.MavenBasic.basicTestNG" name="login" time="0.003"/>
  <testcase classname="MavenBasic.MavenBasic.basicTestNG" name="logout" time="0.002"/>
</testsuite> <!-- MavenBasic.MavenBasic.basicTestNG -->
