<?xml version="1.0" encoding="UTF-8"?>
<!-- Generated by org.testng.reporters.JUnitReportReporter -->
<testsuite hostname="Nayab" failures="0" tests="2" name="testNGbasic.C2" time="0.003" errors="0" timestamp="2025-06-17T12:15:00 IST" skipped="0">
  <testcase classname="testNGbasic.C2" name="tm2" time="0.002"/>
  <testcase classname="testNGbasic.C2" name="tm5" time="0.001"/>
</testsuite> <!-- testNGbasic.C2 -->
