<?xml version="1.0" encoding="UTF-8"?>
<!-- Generated by org.testng.reporters.JUnitReportReporter -->
<testsuite hostname="Nayab" failures="0" tests="1" name="MavenBasic.MavenBasic.driverLaunch" time="6.525" errors="0" timestamp="2025-06-02T18:09:20 IST" skipped="0">
  <testcase classname="MavenBasic.MavenBasic.driverLaunch" name="openBrowser" time="6.525"/>
</testsuite> <!-- MavenBasic.MavenBasic.driverLaunch -->
