<?xml version="1.0" encoding="UTF-8"?>
<!-- Generated by org.testng.reporters.JUnitReportReporter -->
<testsuite hostname="Nayab" failures="0" tests="2" name="testNGbasic.C1" time="0.012" errors="0" timestamp="2025-06-17T12:15:00 IST" skipped="0">
  <testcase classname="testNGbasic.C1" name="tm1" time="0.011"/>
  <testcase classname="testNGbasic.C1" name="tm3" time="0.001"/>
</testsuite> <!-- testNGbasic.C1 -->
